Using pre-set license
Built from '2022.3/staging' branch; Version is '2022.3.36f1 (95a4219250e5) revision 9806881'; Using compiler version '192829333'; Build Type 'Release'
OS: 'Windows 10  (10.0.19045) 64bit Professional' Language: 'zh' Physical Memory: 32625 MB
BatchMode: 1, IsHumanControllingUs: 0, StartBugReporterOnCrash: 0, Is64bit: 1, IsPro: 1

COMMAND LINE ARGUMENTS:
F:\application\unityhub\UnityEditor\2022.3.36f1\Editor\Unity.exe
-adb2
-batchMode
-noUpm
-name
AssetImportWorker3
-projectPath
F:/unityproj/topdowngame-tang/topdowngame/My project
-logFile
Logs/AssetImportWorker3.log
-srvPort
4472
Successfully changed project path to: F:/unityproj/topdowngame-tang/topdowngame/My project
F:/unityproj/topdowngame-tang/topdowngame/My project
[UnityMemory] Configuration Parameters - Can be set up in boot.config
    "memorysetup-bucket-allocator-granularity=16"
    "memorysetup-bucket-allocator-bucket-count=8"
    "memorysetup-bucket-allocator-block-size=33554432"
    "memorysetup-bucket-allocator-block-count=8"
    "memorysetup-main-allocator-block-size=16777216"
    "memorysetup-thread-allocator-block-size=16777216"
    "memorysetup-gfx-main-allocator-block-size=16777216"
    "memorysetup-gfx-thread-allocator-block-size=16777216"
    "memorysetup-cache-allocator-block-size=4194304"
    "memorysetup-typetree-allocator-block-size=2097152"
    "memorysetup-profiler-bucket-allocator-granularity=16"
    "memorysetup-profiler-bucket-allocator-bucket-count=8"
    "memorysetup-profiler-bucket-allocator-block-size=33554432"
    "memorysetup-profiler-bucket-allocator-block-count=8"
    "memorysetup-profiler-allocator-block-size=16777216"
    "memorysetup-profiler-editor-allocator-block-size=1048576"
    "memorysetup-temp-allocator-size-main=16777216"
    "memorysetup-job-temp-allocator-block-size=2097152"
    "memorysetup-job-temp-allocator-block-size-background=1048576"
    "memorysetup-job-temp-allocator-reduction-small-platforms=262144"
    "memorysetup-allocator-temp-initial-block-size-main=262144"
    "memorysetup-allocator-temp-initial-block-size-worker=262144"
    "memorysetup-temp-allocator-size-background-worker=32768"
    "memorysetup-temp-allocator-size-job-worker=262144"
    "memorysetup-temp-allocator-size-preload-manager=33554432"
    "memorysetup-temp-allocator-size-nav-mesh-worker=65536"
    "memorysetup-temp-allocator-size-audio-worker=65536"
    "memorysetup-temp-allocator-size-cloud-worker=32768"
    "memorysetup-temp-allocator-size-gi-baking-worker=262144"
    "memorysetup-temp-allocator-size-gfx=262144"
Player connection [19956] Host "[IP] 192.168.201.1 [Port] 0 [Flags] 2 [Guid] 3793198239 [EditorId] 3793198239 [Version] 1048832 [Id] WindowsEditor(7,leo) [Debug] 1 [PackageName] WindowsEditor [ProjectName] Editor" joined multi-casting on [225.0.0.222:54997]...

Player connection [19956] Host "[IP] 192.168.201.1 [Port] 0 [Flags] 2 [Guid] 3793198239 [EditorId] 3793198239 [Version] 1048832 [Id] WindowsEditor(7,leo) [Debug] 1 [PackageName] WindowsEditor [ProjectName] Editor" joined alternative multi-casting on [225.0.0.222:34997]...

[PhysX] Initialized MultithreadedTaskDispatcher with 20 workers.
Refreshing native plugins compatible for Editor in 10.57 ms, found 4 plugins.
Preloading 0 native plugins for Editor in 0.00 ms.
Initialize engine version: 2022.3.36f1 (95a4219250e5)
[Subsystems] Discovering subsystems at path F:/application/unityhub/UnityEditor/2022.3.36f1/Editor/Data/Resources/UnitySubsystems
[Subsystems] Discovering subsystems at path F:/unityproj/topdowngame-tang/topdowngame/My project/Assets
GfxDevice: creating device client; threaded=0; jobified=0
Direct3D:
    Version:  Direct3D 11.0 [level 11.1]
    Renderer: NVIDIA GeForce RTX 3070 Ti (ID=0x2207)
    Vendor:   NVIDIA
    VRAM:     8031 MB
    Driver:   31.0.15.3623
Initialize mono
Mono path[0] = 'F:/application/unityhub/UnityEditor/2022.3.36f1/Editor/Data/Managed'
Mono path[1] = 'F:/application/unityhub/UnityEditor/2022.3.36f1/Editor/Data/MonoBleedingEdge/lib/mono/unityjit-win32'
Mono config path = 'F:/application/unityhub/UnityEditor/2022.3.36f1/Editor/Data/MonoBleedingEdge/etc'
Using monoOptions --debugger-agent=transport=dt_socket,embedding=1,server=y,suspend=n,address=127.0.0.1:56748
Begin MonoManager ReloadAssembly
Registering precompiled unity dll's ...
Register platform support module: F:/application/unityhub/UnityEditor/2022.3.36f1/Editor/Data/PlaybackEngines/AndroidPlayer/UnityEditor.Android.Extensions.dll
Register platform support module: F:/application/unityhub/UnityEditor/2022.3.36f1/Editor/Data/PlaybackEngines/WindowsStandaloneSupport/UnityEditor.WindowsStandalone.Extensions.dll
Registered in 0.004799 seconds.
- Loaded All Assemblies, in  0.295 seconds
Native extension for WindowsStandalone target not found
Native extension for Android target not found
Android Extension - Scanning For ADB Devices 222 ms
Mono: successfully reloaded assembly
- Finished resetting the current domain, in  0.540 seconds
Domain Reload Profiling: 835ms
	BeginReloadAssembly (73ms)
		ExecutionOrderSort (0ms)
		DisableScriptedObjects (0ms)
		BackupInstance (0ms)
		ReleaseScriptingObjects (0ms)
		CreateAndSetChildDomain (0ms)
	RebuildCommonClasses (29ms)
	RebuildNativeTypeToScriptingClass (11ms)
	initialDomainReloadingComplete (49ms)
	LoadAllAssembliesAndSetupDomain (133ms)
		LoadAssemblies (73ms)
		RebuildTransferFunctionScriptingTraits (0ms)
		AnalyzeDomain (131ms)
			TypeCache.Refresh (129ms)
				TypeCache.ScanAssembly (117ms)
			ScanForSourceGeneratedMonoScriptInfo (0ms)
			ResolveRequiredComponents (0ms)
	FinalizeReload (541ms)
		ReleaseScriptCaches (0ms)
		RebuildScriptCaches (0ms)
		SetupLoadedEditorAssemblies (485ms)
			LogAssemblyErrors (0ms)
			InitializePlatformSupportModulesInManaged (324ms)
			SetLoadedEditorAssemblies (3ms)
			RefreshPlugins (0ms)
			BeforeProcessingInitializeOnLoad (2ms)
			ProcessInitializeOnLoadAttributes (109ms)
			ProcessInitializeOnLoadMethodAttributes (45ms)
			AfterProcessingInitializeOnLoad (0ms)
			EditorAssembliesLoaded (0ms)
		ExecutionOrderSort2 (0ms)
		AwakeInstancesAfterBackupRestoration (0ms)
========================================================================
Worker process is ready to serve import requests
Begin MonoManager ReloadAssembly
- Loaded All Assemblies, in  0.557 seconds
Refreshing native plugins compatible for Editor in 4.23 ms, found 4 plugins.
Native extension for WindowsStandalone target not found
Native extension for Android target not found
Package Manager log level set to [2]
[Package Manager] Server::EnsureServerProcessIsRunning -- launch failed, reason: Unity was launched with the -noUpm command-line argument
[Package Manager] UpmClient::Send -- Unable to send message (not connected to UPM process).
[Package Manager] Cannot connect to Unity Package Manager local server
Mono: successfully reloaded assembly
[Package Manager] Server::EnsureServerProcessIsRunning -- launch failed, reason: Unity was launched with the -noUpm command-line argument
[Package Manager] UpmClient::Send -- Unable to send message (not connected to UPM process).
[Package Manager] Cannot connect to Unity Package Manager local server
[Package Manager] Server::EnsureServerProcessIsRunning -- launch failed, reason: Unity was launched with the -noUpm command-line argument
[Package Manager] UpmClient::Send -- Unable to send message (not connected to UPM process).
[Package Manager] Cannot connect to Unity Package Manager local server
- Finished resetting the current domain, in  0.596 seconds
Domain Reload Profiling: 1153ms
	BeginReloadAssembly (117ms)
		ExecutionOrderSort (0ms)
		DisableScriptedObjects (5ms)
		BackupInstance (0ms)
		ReleaseScriptingObjects (0ms)
		CreateAndSetChildDomain (22ms)
	RebuildCommonClasses (30ms)
	RebuildNativeTypeToScriptingClass (11ms)
	initialDomainReloadingComplete (36ms)
	LoadAllAssembliesAndSetupDomain (363ms)
		LoadAssemblies (252ms)
		RebuildTransferFunctionScriptingTraits (0ms)
		AnalyzeDomain (170ms)
			TypeCache.Refresh (141ms)
				TypeCache.ScanAssembly (124ms)
			ScanForSourceGeneratedMonoScriptInfo (23ms)
			ResolveRequiredComponents (5ms)
	FinalizeReload (596ms)
		ReleaseScriptCaches (0ms)
		RebuildScriptCaches (0ms)
		SetupLoadedEditorAssemblies (436ms)
			LogAssemblyErrors (0ms)
			InitializePlatformSupportModulesInManaged (21ms)
			SetLoadedEditorAssemblies (5ms)
			RefreshPlugins (0ms)
			BeforeProcessingInitializeOnLoad (66ms)
			ProcessInitializeOnLoadAttributes (305ms)
			ProcessInitializeOnLoadMethodAttributes (36ms)
			AfterProcessingInitializeOnLoad (3ms)
			EditorAssembliesLoaded (0ms)
		ExecutionOrderSort2 (0ms)
		AwakeInstancesAfterBackupRestoration (6ms)
Launched and connected shader compiler UnityShaderCompiler.exe after 0.03 seconds
Refreshing native plugins compatible for Editor in 2.11 ms, found 4 plugins.
Preloading 0 native plugins for Editor in 0.00 ms.
Unloading 4339 Unused Serialized files (Serialized files now loaded: 0)
Unloading 77 unused Assets / (68.0 KB). Loaded Objects now: 4792.
Memory consumption went from 157.6 MB to 157.6 MB.
Total: 2.056400 ms (FindLiveObjects: 0.164700 ms CreateObjectMapping: 0.051900 ms MarkObjects: 1.742700 ms  DeleteObjects: 0.096000 ms)

AssetImportParameters requested are different than current active one (requested -> active):
  custom:container-demuxer-ogg: 62fdf1f143b41e24485cea50d1cbac27 -> 
  custom:video-decoder-ogg-theora: a1e56fd34408186e4bbccfd4996cb3dc -> 
  custom:framework-win-MediaFoundation: 216162199b28c13a410421893ffa2e32 -> 
  custom:CustomObjectIndexerAttribute: 9a22284fe3817be447336de3de66b15e -> 
  custom:container-demuxer-webm: 4f35f7cbe854078d1ac9338744f61a02 -> 
  custom:container-muxer-webm: aa71ff27fc2769a1b78a27578f13a17b -> 
  custom:video-decoder-webm-vp8: 9c59270c3fd7afecdb556c50c9e8de78 -> 
  custom:SearchIndexIgnoredProperties: e643bd26f0fe6173181afceb89e7c659 -> 
  custom:AudioImporter_EditorPlatform: d09bf68614088b80899f8185d706f6e7 -> 
  custom:video-encoder-webm-vp8: eb34c28f22e8b96e1ab97ce403110664 -> 
  custom:audio-decoder-ogg-vorbis: bf7c407c2cedff20999df2af8eb42d56 -> 
  custom:audio-encoder-webm-vorbis: bf7c407c2cedff20999df2af8eb42d56 -> 
========================================================================
Received Import Request.
  Time since last request: 2862.591879 seconds.
  path: Assets/Resources/Forgotten Plains/Sprites/Tileset/Creeper_4.asset
  artifactKey: Guid(32c94a581c996c54aa60b423ca84c378) Importer(815301076,1909f56bfc062723c751e8b465ee728b)
Start importing Assets/Resources/Forgotten Plains/Sprites/Tileset/Creeper_4.asset using Guid(32c94a581c996c54aa60b423ca84c378) Importer(815301076,1909f56bfc062723c751e8b465ee728b) [PhysX] Initialized MultithreadedTaskDispatcher with 20 workers.
 -> (artifact id: '159efc62d566780e71525586ef05fe81') in 0.051512 seconds
Number of updated asset objects reloaded before import = 0
Number of asset objects unloaded after import = 3
========================================================================
Received Import Request.
  Time since last request: 0.000026 seconds.
  path: Assets/Resources/Forgotten Plains/Sprites/Tileset/houses_63.asset
  artifactKey: Guid(f2a6494df6d2b5344bc16a5efd6cb4b1) Importer(815301076,1909f56bfc062723c751e8b465ee728b)
Start importing Assets/Resources/Forgotten Plains/Sprites/Tileset/houses_63.asset using Guid(f2a6494df6d2b5344bc16a5efd6cb4b1) Importer(815301076,1909f56bfc062723c751e8b465ee728b) [PhysX] Initialized MultithreadedTaskDispatcher with 20 workers.
 -> (artifact id: '92b73129207c50ed4ead0896c76dd4f6') in 0.001975 seconds
Number of updated asset objects reloaded before import = 0
Number of asset objects unloaded after import = 1
========================================================================
Received Import Request.
  Time since last request: 0.000021 seconds.
  path: Assets/Resources/Forgotten Plains/Sprites/Tileset/houses_26.asset
  artifactKey: Guid(4180451b5ffee0744af46fd4d6969ddf) Importer(815301076,1909f56bfc062723c751e8b465ee728b)
Start importing Assets/Resources/Forgotten Plains/Sprites/Tileset/houses_26.asset using Guid(4180451b5ffee0744af46fd4d6969ddf) Importer(815301076,1909f56bfc062723c751e8b465ee728b) [PhysX] Initialized MultithreadedTaskDispatcher with 20 workers.
 -> (artifact id: 'ce17ba8e71cce03e73f5c20924cc6d61') in 0.001572 seconds
Number of updated asset objects reloaded before import = 0
Number of asset objects unloaded after import = 1
========================================================================
Received Import Request.
  Time since last request: 0.000012 seconds.
  path: Assets/Resources/Forgotten Plains/Sprites/Tileset/houses_105.asset
  artifactKey: Guid(e37e18eb59f0e8f468faee477732de28) Importer(815301076,1909f56bfc062723c751e8b465ee728b)
Start importing Assets/Resources/Forgotten Plains/Sprites/Tileset/houses_105.asset using Guid(e37e18eb59f0e8f468faee477732de28) Importer(815301076,1909f56bfc062723c751e8b465ee728b) [PhysX] Initialized MultithreadedTaskDispatcher with 20 workers.
 -> (artifact id: '3e9c840e7626e4610554dd265b000979') in 0.001561 seconds
Number of updated asset objects reloaded before import = 0
Number of asset objects unloaded after import = 1
========================================================================
Received Import Request.
  Time since last request: 0.000012 seconds.
  path: Assets/Resources/Forgotten Plains/Sprites/Tileset/houses_87.asset
  artifactKey: Guid(a599cda1a5bf33943aa19d8a952f4351) Importer(815301076,1909f56bfc062723c751e8b465ee728b)
Start importing Assets/Resources/Forgotten Plains/Sprites/Tileset/houses_87.asset using Guid(a599cda1a5bf33943aa19d8a952f4351) Importer(815301076,1909f56bfc062723c751e8b465ee728b) [PhysX] Initialized MultithreadedTaskDispatcher with 20 workers.
 -> (artifact id: 'cccdb1fb3f33554f689bb353300ca476') in 0.001618 seconds
Number of updated asset objects reloaded before import = 0
Number of asset objects unloaded after import = 1
========================================================================
Received Import Request.
  Time since last request: 0.000012 seconds.
  path: Assets/Resources/Forgotten Plains/Sprites/Tileset/houses_95.asset
  artifactKey: Guid(eeb3b2fd3b6e6f143ad99b3d56962428) Importer(815301076,1909f56bfc062723c751e8b465ee728b)
Start importing Assets/Resources/Forgotten Plains/Sprites/Tileset/houses_95.asset using Guid(eeb3b2fd3b6e6f143ad99b3d56962428) Importer(815301076,1909f56bfc062723c751e8b465ee728b) [PhysX] Initialized MultithreadedTaskDispatcher with 20 workers.
 -> (artifact id: '9ba48431e72b2d4386f2bb721e736810') in 0.001668 seconds
Number of updated asset objects reloaded before import = 0
Number of asset objects unloaded after import = 1
========================================================================
Received Import Request.
  Time since last request: 0.000012 seconds.
  path: Assets/Resources/Forgotten Plains/Sprites/Tileset/houses_73.asset
  artifactKey: Guid(21c6da8ee15516149bf59641adb614fc) Importer(815301076,1909f56bfc062723c751e8b465ee728b)
Start importing Assets/Resources/Forgotten Plains/Sprites/Tileset/houses_73.asset using Guid(21c6da8ee15516149bf59641adb614fc) Importer(815301076,1909f56bfc062723c751e8b465ee728b) [PhysX] Initialized MultithreadedTaskDispatcher with 20 workers.
 -> (artifact id: 'd44e084c1d542100d672a86d6e84e8b7') in 0.001502 seconds
Number of updated asset objects reloaded before import = 0
Number of asset objects unloaded after import = 1
========================================================================
Received Import Request.
  Time since last request: 0.000012 seconds.
  path: Assets/Resources/Forgotten Plains/Sprites/Tileset/houses_69.asset
  artifactKey: Guid(bfecd22ade552814ebd242e7136c8e62) Importer(815301076,1909f56bfc062723c751e8b465ee728b)
Start importing Assets/Resources/Forgotten Plains/Sprites/Tileset/houses_69.asset using Guid(bfecd22ade552814ebd242e7136c8e62) Importer(815301076,1909f56bfc062723c751e8b465ee728b) [PhysX] Initialized MultithreadedTaskDispatcher with 20 workers.
 -> (artifact id: '8a434a77011c01b80bb8a0e76737a68d') in 0.001604 seconds
Number of updated asset objects reloaded before import = 0
Number of asset objects unloaded after import = 1
========================================================================
Received Import Request.
  Time since last request: 0.000012 seconds.
  path: Assets/Resources/Forgotten Plains/Sprites/Tileset/houses_112.asset
  artifactKey: Guid(349ff91e25761f24a92a1d5f0782bf44) Importer(815301076,1909f56bfc062723c751e8b465ee728b)
Start importing Assets/Resources/Forgotten Plains/Sprites/Tileset/houses_112.asset using Guid(349ff91e25761f24a92a1d5f0782bf44) Importer(815301076,1909f56bfc062723c751e8b465ee728b) [PhysX] Initialized MultithreadedTaskDispatcher with 20 workers.
 -> (artifact id: '9040a8666e60c6b86e4e7c227494e3d5') in 0.001545 seconds
Number of updated asset objects reloaded before import = 0
Number of asset objects unloaded after import = 1
========================================================================
Received Import Request.
  Time since last request: 0.000011 seconds.
  path: Assets/Resources/Forgotten Plains/Sprites/Tileset/houses_78.asset
  artifactKey: Guid(18dbc6637e4a2b144ac35bcca4508f3d) Importer(815301076,1909f56bfc062723c751e8b465ee728b)
Start importing Assets/Resources/Forgotten Plains/Sprites/Tileset/houses_78.asset using Guid(18dbc6637e4a2b144ac35bcca4508f3d) Importer(815301076,1909f56bfc062723c751e8b465ee728b) [PhysX] Initialized MultithreadedTaskDispatcher with 20 workers.
 -> (artifact id: '24b50faea6d845cc7fc8ba40ccec0571') in 0.001499 seconds
Number of updated asset objects reloaded before import = 0
Number of asset objects unloaded after import = 1
========================================================================
Received Import Request.
  Time since last request: 0.000011 seconds.
  path: Assets/Resources/Forgotten Plains/Sprites/Tileset/houses_17.asset
  artifactKey: Guid(e3c1ef5abe2ec2e4d9bab50d9bb917d5) Importer(815301076,1909f56bfc062723c751e8b465ee728b)
Start importing Assets/Resources/Forgotten Plains/Sprites/Tileset/houses_17.asset using Guid(e3c1ef5abe2ec2e4d9bab50d9bb917d5) Importer(815301076,1909f56bfc062723c751e8b465ee728b) [PhysX] Initialized MultithreadedTaskDispatcher with 20 workers.
 -> (artifact id: 'b0276dc32f65fc2d8a21ac97b5b9b041') in 0.001489 seconds
Number of updated asset objects reloaded before import = 0
Number of asset objects unloaded after import = 1
========================================================================
Received Import Request.
  Time since last request: 0.000012 seconds.
  path: Assets/Resources/Forgotten Plains/Sprites/Tileset/houses_1.asset
  artifactKey: Guid(0a3673782a9eaea40be596d774c49a36) Importer(815301076,1909f56bfc062723c751e8b465ee728b)
Start importing Assets/Resources/Forgotten Plains/Sprites/Tileset/houses_1.asset using Guid(0a3673782a9eaea40be596d774c49a36) Importer(815301076,1909f56bfc062723c751e8b465ee728b) [PhysX] Initialized MultithreadedTaskDispatcher with 20 workers.
 -> (artifact id: '0cf065c096ecfe4849f12cd42e9ab168') in 0.001544 seconds
Number of updated asset objects reloaded before import = 0
Number of asset objects unloaded after import = 1
========================================================================
Received Import Request.
  Time since last request: 0.000011 seconds.
  path: Assets/Resources/Forgotten Plains/Sprites/Tileset/houses_66.asset
  artifactKey: Guid(db1e7daecf12f324eb03ddc46e008e8a) Importer(815301076,1909f56bfc062723c751e8b465ee728b)
Start importing Assets/Resources/Forgotten Plains/Sprites/Tileset/houses_66.asset using Guid(db1e7daecf12f324eb03ddc46e008e8a) Importer(815301076,1909f56bfc062723c751e8b465ee728b) [PhysX] Initialized MultithreadedTaskDispatcher with 20 workers.
 -> (artifact id: 'c0d4e7cb784e3b1f3c873857786a9c08') in 0.001439 seconds
Number of updated asset objects reloaded before import = 0
Number of asset objects unloaded after import = 1
========================================================================
Received Import Request.
  Time since last request: 0.000010 seconds.
  path: Assets/Resources/Forgotten Plains/Sprites/Tileset/houses_34.asset
  artifactKey: Guid(be6d38ccc316dbb459329c07d4363316) Importer(815301076,1909f56bfc062723c751e8b465ee728b)
Start importing Assets/Resources/Forgotten Plains/Sprites/Tileset/houses_34.asset using Guid(be6d38ccc316dbb459329c07d4363316) Importer(815301076,1909f56bfc062723c751e8b465ee728b) [PhysX] Initialized MultithreadedTaskDispatcher with 20 workers.
 -> (artifact id: '395d206b1f75a84660890a6fa5268847') in 0.001507 seconds
Number of updated asset objects reloaded before import = 0
Number of asset objects unloaded after import = 1
========================================================================
Received Import Request.
  Time since last request: 0.000014 seconds.
  path: Assets/Resources/Forgotten Plains/Sprites/Tileset/houses_138.asset
  artifactKey: Guid(98a615d703ce8e94096fdec6a8e28e93) Importer(815301076,1909f56bfc062723c751e8b465ee728b)
Start importing Assets/Resources/Forgotten Plains/Sprites/Tileset/houses_138.asset using Guid(98a615d703ce8e94096fdec6a8e28e93) Importer(815301076,1909f56bfc062723c751e8b465ee728b) [PhysX] Initialized MultithreadedTaskDispatcher with 20 workers.
 -> (artifact id: 'e60c4a681acb6c002ed663ba06c8a688') in 0.001643 seconds
Number of updated asset objects reloaded before import = 0
Number of asset objects unloaded after import = 1
========================================================================
Received Import Request.
  Time since last request: 0.000012 seconds.
  path: Assets/Resources/Forgotten Plains/Sprites/Tileset/houses_143.asset
  artifactKey: Guid(4465fdccd04cdcc44876fbe78867fd9c) Importer(815301076,1909f56bfc062723c751e8b465ee728b)
Start importing Assets/Resources/Forgotten Plains/Sprites/Tileset/houses_143.asset using Guid(4465fdccd04cdcc44876fbe78867fd9c) Importer(815301076,1909f56bfc062723c751e8b465ee728b) [PhysX] Initialized MultithreadedTaskDispatcher with 20 workers.
 -> (artifact id: 'f16b0271bafd8d8f0101e9786a73bc53') in 0.001395 seconds
Number of updated asset objects reloaded before import = 0
Number of asset objects unloaded after import = 1
========================================================================
Received Import Request.
  Time since last request: 0.000011 seconds.
  path: Assets/Resources/Forgotten Plains/Sprites/Tileset/houses_103.asset
  artifactKey: Guid(de4a2165a72d6144388c0a8a8720e420) Importer(815301076,1909f56bfc062723c751e8b465ee728b)
Start importing Assets/Resources/Forgotten Plains/Sprites/Tileset/houses_103.asset using Guid(de4a2165a72d6144388c0a8a8720e420) Importer(815301076,1909f56bfc062723c751e8b465ee728b) [PhysX] Initialized MultithreadedTaskDispatcher with 20 workers.
 -> (artifact id: 'e31f10f6498514b3d3535bc5c6fae5ca') in 0.001491 seconds
Number of updated asset objects reloaded before import = 0
Number of asset objects unloaded after import = 1
========================================================================
Received Import Request.
  Time since last request: 0.000012 seconds.
  path: Assets/Resources/Forgotten Plains/Sprites/Tileset/houses_131.asset
  artifactKey: Guid(f4e68d8990010004d8ef98f20f8553d5) Importer(815301076,1909f56bfc062723c751e8b465ee728b)
Start importing Assets/Resources/Forgotten Plains/Sprites/Tileset/houses_131.asset using Guid(f4e68d8990010004d8ef98f20f8553d5) Importer(815301076,1909f56bfc062723c751e8b465ee728b) [PhysX] Initialized MultithreadedTaskDispatcher with 20 workers.
 -> (artifact id: '32096066d146d25ab16aed64a972a999') in 0.001488 seconds
Number of updated asset objects reloaded before import = 0
Number of asset objects unloaded after import = 1
========================================================================
Received Import Request.
  Time since last request: 0.000011 seconds.
  path: Assets/Resources/Forgotten Plains/Sprites/Tileset/houses_107.asset
  artifactKey: Guid(ccef6f26e67cac944869bdf55ba25612) Importer(815301076,1909f56bfc062723c751e8b465ee728b)
Start importing Assets/Resources/Forgotten Plains/Sprites/Tileset/houses_107.asset using Guid(ccef6f26e67cac944869bdf55ba25612) Importer(815301076,1909f56bfc062723c751e8b465ee728b) [PhysX] Initialized MultithreadedTaskDispatcher with 20 workers.
 -> (artifact id: 'bb1a641a6cd3e4319df6e7a6f08ac8d2') in 0.001508 seconds
Number of updated asset objects reloaded before import = 0
Number of asset objects unloaded after import = 1
========================================================================
Received Import Request.
  Time since last request: 0.000010 seconds.
  path: Assets/Resources/Forgotten Plains/Sprites/Tileset/houses_160.asset
  artifactKey: Guid(15fb4f5079a70974c8ff9ff45aa0a7d5) Importer(815301076,1909f56bfc062723c751e8b465ee728b)
Start importing Assets/Resources/Forgotten Plains/Sprites/Tileset/houses_160.asset using Guid(15fb4f5079a70974c8ff9ff45aa0a7d5) Importer(815301076,1909f56bfc062723c751e8b465ee728b) [PhysX] Initialized MultithreadedTaskDispatcher with 20 workers.
 -> (artifact id: '50ba0bc469c08e4ca1d152be8b5a9251') in 0.001503 seconds
Number of updated asset objects reloaded before import = 0
Number of asset objects unloaded after import = 1
========================================================================
Received Import Request.
  Time since last request: 0.000014 seconds.
  path: Assets/Resources/Forgotten Plains/Sprites/Tileset/houses_83.asset
  artifactKey: Guid(9963107eef5c85040a2247ddedb08859) Importer(815301076,1909f56bfc062723c751e8b465ee728b)
Start importing Assets/Resources/Forgotten Plains/Sprites/Tileset/houses_83.asset using Guid(9963107eef5c85040a2247ddedb08859) Importer(815301076,1909f56bfc062723c751e8b465ee728b) [PhysX] Initialized MultithreadedTaskDispatcher with 20 workers.
 -> (artifact id: '136d6ed7ddf6e6e8c8e0948d6a011593') in 0.001635 seconds
Number of updated asset objects reloaded before import = 0
Number of asset objects unloaded after import = 1
========================================================================
Received Import Request.
  Time since last request: 0.000012 seconds.
  path: Assets/Resources/Forgotten Plains/Sprites/Tileset/houses_114.asset
  artifactKey: Guid(9fa9f1acffb89c845aab2b4e9d0daff6) Importer(815301076,1909f56bfc062723c751e8b465ee728b)
Start importing Assets/Resources/Forgotten Plains/Sprites/Tileset/houses_114.asset using Guid(9fa9f1acffb89c845aab2b4e9d0daff6) Importer(815301076,1909f56bfc062723c751e8b465ee728b) [PhysX] Initialized MultithreadedTaskDispatcher with 20 workers.
 -> (artifact id: '3ff0daa13552a7721609cc580397bfbd') in 0.001595 seconds
Number of updated asset objects reloaded before import = 0
Number of asset objects unloaded after import = 1
========================================================================
Received Import Request.
  Time since last request: 0.000012 seconds.
  path: Assets/Resources/Forgotten Plains/Sprites/Tileset/houses_25.asset
  artifactKey: Guid(fe7f5c327a1dd4946ab8f060843884c9) Importer(815301076,1909f56bfc062723c751e8b465ee728b)
Start importing Assets/Resources/Forgotten Plains/Sprites/Tileset/houses_25.asset using Guid(fe7f5c327a1dd4946ab8f060843884c9) Importer(815301076,1909f56bfc062723c751e8b465ee728b) [PhysX] Initialized MultithreadedTaskDispatcher with 20 workers.
 -> (artifact id: '0959a69b9d1f5cc667405b34bd427d99') in 0.001714 seconds
Number of updated asset objects reloaded before import = 0
Number of asset objects unloaded after import = 1
========================================================================
Received Import Request.
  Time since last request: 0.000012 seconds.
  path: Assets/Resources/Forgotten Plains/Sprites/Tileset/houses_134.asset
  artifactKey: Guid(40f5fb799491e5446bd08c04728f7b09) Importer(815301076,1909f56bfc062723c751e8b465ee728b)
Start importing Assets/Resources/Forgotten Plains/Sprites/Tileset/houses_134.asset using Guid(40f5fb799491e5446bd08c04728f7b09) Importer(815301076,1909f56bfc062723c751e8b465ee728b) [PhysX] Initialized MultithreadedTaskDispatcher with 20 workers.
 -> (artifact id: '20482522c3ff8c408a233426c4185e9d') in 0.001612 seconds
Number of updated asset objects reloaded before import = 0
Number of asset objects unloaded after import = 1
========================================================================
Received Import Request.
  Time since last request: 0.000012 seconds.
  path: Assets/Resources/Forgotten Plains/Sprites/Tileset/houses_102.asset
  artifactKey: Guid(2abfc4e2125f88549b69f1be6d140c44) Importer(815301076,1909f56bfc062723c751e8b465ee728b)
Start importing Assets/Resources/Forgotten Plains/Sprites/Tileset/houses_102.asset using Guid(2abfc4e2125f88549b69f1be6d140c44) Importer(815301076,1909f56bfc062723c751e8b465ee728b) [PhysX] Initialized MultithreadedTaskDispatcher with 20 workers.
 -> (artifact id: '9e639a031bc8b409e2b302559f8ac29b') in 0.001393 seconds
Number of updated asset objects reloaded before import = 0
Number of asset objects unloaded after import = 1
========================================================================
Received Import Request.
  Time since last request: 0.000010 seconds.
  path: Assets/Resources/Forgotten Plains/Sprites/Tileset/houses_111.asset
  artifactKey: Guid(99b67ec87c91830478e24d20c87eb350) Importer(815301076,1909f56bfc062723c751e8b465ee728b)
Start importing Assets/Resources/Forgotten Plains/Sprites/Tileset/houses_111.asset using Guid(99b67ec87c91830478e24d20c87eb350) Importer(815301076,1909f56bfc062723c751e8b465ee728b) [PhysX] Initialized MultithreadedTaskDispatcher with 20 workers.
 -> (artifact id: '44e88f3641720c269d9e0211638c7393') in 0.001177 seconds
Number of updated asset objects reloaded before import = 0
Number of asset objects unloaded after import = 1
========================================================================
Received Import Request.
  Time since last request: 0.000010 seconds.
  path: Assets/Resources/Forgotten Plains/Sprites/Tileset/houses_62.asset
  artifactKey: Guid(054e2b8d4cf993741a26a5f54416a670) Importer(815301076,1909f56bfc062723c751e8b465ee728b)
Start importing Assets/Resources/Forgotten Plains/Sprites/Tileset/houses_62.asset using Guid(054e2b8d4cf993741a26a5f54416a670) Importer(815301076,1909f56bfc062723c751e8b465ee728b) [PhysX] Initialized MultithreadedTaskDispatcher with 20 workers.
 -> (artifact id: 'e324765a09c09c9fe1606d8a1a850718') in 0.001527 seconds
Number of updated asset objects reloaded before import = 0
Number of asset objects unloaded after import = 1
========================================================================
Received Import Request.
  Time since last request: 0.000011 seconds.
  path: Assets/Resources/Forgotten Plains/Sprites/Tileset/houses_132.asset
  artifactKey: Guid(49c55cfec160b1345aa36e3c8003453b) Importer(815301076,1909f56bfc062723c751e8b465ee728b)
Start importing Assets/Resources/Forgotten Plains/Sprites/Tileset/houses_132.asset using Guid(49c55cfec160b1345aa36e3c8003453b) Importer(815301076,1909f56bfc062723c751e8b465ee728b) [PhysX] Initialized MultithreadedTaskDispatcher with 20 workers.
 -> (artifact id: '69b9bd7e18d0b621cf68107dbeacf999') in 0.001317 seconds
Number of updated asset objects reloaded before import = 0
Number of asset objects unloaded after import = 1
========================================================================
Received Import Request.
  Time since last request: 0.000010 seconds.
  path: Assets/Resources/Forgotten Plains/Sprites/Tileset/houses_144.asset
  artifactKey: Guid(5bc47482e7b18234c806ea6c5d3808ea) Importer(815301076,1909f56bfc062723c751e8b465ee728b)
Start importing Assets/Resources/Forgotten Plains/Sprites/Tileset/houses_144.asset using Guid(5bc47482e7b18234c806ea6c5d3808ea) Importer(815301076,1909f56bfc062723c751e8b465ee728b) [PhysX] Initialized MultithreadedTaskDispatcher with 20 workers.
 -> (artifact id: 'b1cd9e13e2a76a1a8ddc93add7497d9d') in 0.001440 seconds
Number of updated asset objects reloaded before import = 0
Number of asset objects unloaded after import = 1
========================================================================
Received Import Request.
  Time since last request: 0.000012 seconds.
  path: Assets/Resources/Forgotten Plains/Sprites/Tileset/Creeper_Creeper_1.asset
  artifactKey: Guid(10d5062e353bedb439416ddb1d812d87) Importer(815301076,1909f56bfc062723c751e8b465ee728b)
Start importing Assets/Resources/Forgotten Plains/Sprites/Tileset/Creeper_Creeper_1.asset using Guid(10d5062e353bedb439416ddb1d812d87) Importer(815301076,1909f56bfc062723c751e8b465ee728b) [PhysX] Initialized MultithreadedTaskDispatcher with 20 workers.
 -> (artifact id: 'b3979a06b7500e0b7cafa571a3dd8cd8') in 0.010505 seconds
Number of updated asset objects reloaded before import = 0
Number of asset objects unloaded after import = 3
========================================================================
Received Import Request.
  Time since last request: 0.000015 seconds.
  path: Assets/Resources/Forgotten Plains/Sprites/Tileset/houses_21.asset
  artifactKey: Guid(bf5c9c39ab9091f4f95d45107365433f) Importer(815301076,1909f56bfc062723c751e8b465ee728b)
Start importing Assets/Resources/Forgotten Plains/Sprites/Tileset/houses_21.asset using Guid(bf5c9c39ab9091f4f95d45107365433f) Importer(815301076,1909f56bfc062723c751e8b465ee728b) [PhysX] Initialized MultithreadedTaskDispatcher with 20 workers.
 -> (artifact id: '32f74e9754447b4ad23d9c18098bb548') in 0.001776 seconds
Number of updated asset objects reloaded before import = 0
Number of asset objects unloaded after import = 1
Editor requested this worker to shutdown with reason: Scaling down because of idle timeout
TcpMessagingSession - receive error: operation aborted. errorcode: 995, details: 由于线程退出或应用程序请求，已中止 I/O 操作。
AssetImportWorker is now disconnected from the server
Process exiting
Exiting without the bug reporter. Application will terminate with return code 0