Using pre-set license
Built from '2021.3/china_unity/release' branch; Version is '2021.3.39f1c1 (da41b8c78001) revision 14303672'; Using compiler version '192829333'; Build Type 'Release'
OS: 'Windows 11  (10.0.22621) 64bit Professional' Language: 'zh' Physical Memory: 65277 MB
BatchMode: 1, IsHumanControllingUs: 0, StartBugReporterOnCrash: 0, Is64bit: 1, IsPro: 1

COMMAND LINE ARGUMENTS:
C:\enginee\unity\2021.3.39f1c1\Editor\Unity.exe
-adb2
-batchMode
-noUpm
-name
AssetImportWorker0
-projectPath
D:/code/zjr/topdowngame/2DTopdown
-logFile
Logs/AssetImportWorker0.log
-srvPort
49566
Successfully changed project path to: D:/code/zjr/topdowngame/2DTopdown
D:/code/zjr/topdowngame/2DTopdown
[UnityMemory] Configuration Parameters - Can be set up in boot.config
    "memorysetup-bucket-allocator-granularity=16"
    "memorysetup-bucket-allocator-bucket-count=8"
    "memorysetup-bucket-allocator-block-size=33554432"
    "memorysetup-bucket-allocator-block-count=8"
    "memorysetup-main-allocator-block-size=16777216"
    "memorysetup-thread-allocator-block-size=16777216"
    "memorysetup-gfx-main-allocator-block-size=16777216"
    "memorysetup-gfx-thread-allocator-block-size=16777216"
    "memorysetup-cache-allocator-block-size=4194304"
    "memorysetup-typetree-allocator-block-size=2097152"
    "memorysetup-profiler-bucket-allocator-granularity=16"
    "memorysetup-profiler-bucket-allocator-bucket-count=8"
    "memorysetup-profiler-bucket-allocator-block-size=33554432"
    "memorysetup-profiler-bucket-allocator-block-count=8"
    "memorysetup-profiler-allocator-block-size=16777216"
    "memorysetup-profiler-editor-allocator-block-size=1048576"
    "memorysetup-temp-allocator-size-main=16777216"
    "memorysetup-job-temp-allocator-block-size=2097152"
    "memorysetup-job-temp-allocator-block-size-background=1048576"
    "memorysetup-job-temp-allocator-reduction-small-platforms=262144"
    "memorysetup-temp-allocator-size-background-worker=32768"
    "memorysetup-temp-allocator-size-job-worker=262144"
    "memorysetup-temp-allocator-size-preload-manager=33554432"
    "memorysetup-temp-allocator-size-nav-mesh-worker=65536"
    "memorysetup-temp-allocator-size-audio-worker=65536"
    "memorysetup-temp-allocator-size-cloud-worker=32768"
    "memorysetup-temp-allocator-size-gi-baking-worker=262144"
    "memorysetup-temp-allocator-size-gfx=262144"
Player connection [24696] Host "[IP] 172.16.5.99 [Port] 0 [Flags] 2 [Guid] 3380701042 [EditorId] 3380701042 [Version] 1048832 [Id] WindowsEditor(7,WINDOWS-RL0H6ND) [Debug] 1 [PackageName] WindowsEditor [ProjectName] Editor" joined multi-casting on [225.0.0.222:54997]...

Player connection [24696] Host "[IP] 172.16.5.99 [Port] 0 [Flags] 2 [Guid] 3380701042 [EditorId] 3380701042 [Version] 1048832 [Id] WindowsEditor(7,WINDOWS-RL0H6ND) [Debug] 1 [PackageName] WindowsEditor [ProjectName] Editor" joined alternative multi-casting on [225.0.0.222:34997]...

AS: AutoStreaming module initializing.
[Physics::Module] Initialized MultithreadedJobDispatcher with {0} workers.
Refreshing native plugins compatible for Editor in 52.76 ms, found 4 plugins.
Preloading 0 native plugins for Editor in 0.00 ms.
Initialize engine version: 2021.3.39f1c1 (da41b8c78001)
[Subsystems] Discovering subsystems at path C:/enginee/unity/2021.3.39f1c1/Editor/Data/Resources/UnitySubsystems
[Subsystems] Discovering subsystems at path D:/code/zjr/topdowngame/2DTopdown/Assets
GfxDevice: creating device client; threaded=0; jobified=0
Direct3D:
    Version:  Direct3D 11.0 [level 11.1]
    Renderer: NVIDIA GeForce RTX 4070 (ID=0x2786)
    Vendor:   NVIDIA
    VRAM:     12012 MB
    Driver:   32.0.15.5612
Initialize mono
Mono path[0] = 'C:/enginee/unity/2021.3.39f1c1/Editor/Data/Managed'
Mono path[1] = 'C:/enginee/unity/2021.3.39f1c1/Editor/Data/MonoBleedingEdge/lib/mono/unityjit-win32'
Mono config path = 'C:/enginee/unity/2021.3.39f1c1/Editor/Data/MonoBleedingEdge/etc'
Using monoOptions --debugger-agent=transport=dt_socket,embedding=1,server=y,suspend=n,address=127.0.0.1:56112
Begin MonoManager ReloadAssembly
Registering precompiled unity dll's ...
Register platform support module: C:/enginee/unity/2021.3.39f1c1/Editor/Data/PlaybackEngines/AndroidPlayer/UnityEditor.Android.Extensions.dll
Register platform support module: C:/enginee/unity/2021.3.39f1c1/Editor/Data/PlaybackEngines/WindowsStandaloneSupport/UnityEditor.WindowsStandalone.Extensions.dll
Registered in 0.002305 seconds.
Native extension for WindowsStandalone target not found
Native extension for Android target not found
Android Extension - Scanning For ADB Devices 199 ms
Refreshing native plugins compatible for Editor in 43.39 ms, found 4 plugins.
Preloading 0 native plugins for Editor in 0.00 ms.
Mono: successfully reloaded assembly
- Completed reload, in  0.634 seconds
Domain Reload Profiling:
	ReloadAssembly (634ms)
		BeginReloadAssembly (66ms)
			ExecutionOrderSort (0ms)
			DisableScriptedObjects (0ms)
			BackupInstance (0ms)
			ReleaseScriptingObjects (0ms)
			CreateAndSetChildDomain (0ms)
		EndReloadAssembly (504ms)
			LoadAssemblies (64ms)
			RebuildTransferFunctionScriptingTraits (0ms)
			SetupTypeCache (75ms)
			ReleaseScriptCaches (0ms)
			RebuildScriptCaches (15ms)
			SetupLoadedEditorAssemblies (386ms)
				LogAssemblyErrors (0ms)
				InitializePlatformSupportModulesInManaged (260ms)
				SetLoadedEditorAssemblies (0ms)
				RefreshPlugins (43ms)
				BeforeProcessingInitializeOnLoad (1ms)
				ProcessInitializeOnLoadAttributes (56ms)
				ProcessInitializeOnLoadMethodAttributes (27ms)
				AfterProcessingInitializeOnLoad (0ms)
				EditorAssembliesLoaded (0ms)
			ExecutionOrderSort2 (0ms)
			AwakeInstancesAfterBackupRestoration (0ms)
Platform modules already initialized, skipping
Registering precompiled user dll's ...
Registered in 0.005169 seconds.
Begin MonoManager ReloadAssembly
Native extension for WindowsStandalone target not found
Native extension for Android target not found
Refreshing native plugins compatible for Editor in 43.50 ms, found 4 plugins.
Preloading 0 native plugins for Editor in 0.00 ms.
Package Manager log level set to [2]
[Package Manager] Server::EnsureServerProcessIsRunning -- launch failed, reason: Unity was launched with the -noUpm command-line argument
[Package Manager] Cannot connect to Unity Package Manager local server
Mono: successfully reloaded assembly
- Completed reload, in  1.039 seconds
Domain Reload Profiling:
	ReloadAssembly (1040ms)
		BeginReloadAssembly (69ms)
			ExecutionOrderSort (0ms)
			DisableScriptedObjects (3ms)
			BackupInstance (0ms)
			ReleaseScriptingObjects (0ms)
			CreateAndSetChildDomain (10ms)
		EndReloadAssembly (907ms)
			LoadAssemblies (69ms)
			RebuildTransferFunctionScriptingTraits (0ms)
			SetupTypeCache (165ms)
			ReleaseScriptCaches (0ms)
			RebuildScriptCaches (30ms)
			SetupLoadedEditorAssemblies (622ms)
				LogAssemblyErrors (0ms)
				InitializePlatformSupportModulesInManaged (11ms)
				SetLoadedEditorAssemblies (0ms)
				RefreshPlugins (44ms)
				BeforeProcessingInitializeOnLoad (47ms)
				ProcessInitializeOnLoadAttributes (490ms)
				ProcessInitializeOnLoadMethodAttributes (25ms)
				AfterProcessingInitializeOnLoad (5ms)
				EditorAssembliesLoaded (0ms)
			ExecutionOrderSort2 (0ms)
			AwakeInstancesAfterBackupRestoration (4ms)
Platform modules already initialized, skipping
========================================================================
Worker process is ready to serve import requests
Launched and connected shader compiler UnityShaderCompiler.exe after 0.03 seconds
Refreshing native plugins compatible for Editor in 0.47 ms, found 4 plugins.
Preloading 0 native plugins for Editor in 0.00 ms.
Unloading 3850 Unused Serialized files (Serialized files now loaded: 0)
Unloading 37 unused Assets / (46.8 KB). Loaded Objects now: 4310.
Memory consumption went from 150.1 MB to 150.0 MB.
Total: 1.834900 ms (FindLiveObjects: 0.163000 ms CreateObjectMapping: 0.049500 ms MarkObjects: 1.569500 ms  DeleteObjects: 0.052300 ms)

AssetImportParameters requested are different than current active one (requested -> active):
  custom:video-decoder-ogg-theora: a1e56fd34408186e4bbccfd4996cb3dc -> 
  custom:container-muxer-webm: aa71ff27fc2769a1b78a27578f13a17b -> 
  custom:container-demuxer-webm: 4f35f7cbe854078d1ac9338744f61a02 -> 
  custom:video-encoder-webm-vp8: eb34c28f22e8b96e1ab97ce403110664 -> 
  custom:video-codec-MediaFoundation-h265: 746d11721c4dcdbdad8f713fa42b33f4 -> 
  custom:CustomObjectIndexerAttribute: bc11b3a6c3213fcdd17b65e7da85e133 -> 
  custom:audio-encoder-webm-vorbis: bf7c407c2cedff20999df2af8eb42d56 -> 
  custom:framework-win-MediaFoundation: 216162199b28c13a410421893ffa2e32 -> 
  custom:SearchIndexIgnoredProperties: e643bd26f0fe6173181afceb89e7c659 -> 
  custom:container-demuxer-ogg: 62fdf1f143b41e24485cea50d1cbac27 -> 
  custom:video-decoder-webm-vp8: 9c59270c3fd7afecdb556c50c9e8de78 -> 
  custom:audio-decoder-ogg-vorbis: bf7c407c2cedff20999df2af8eb42d56 -> 
========================================================================
Received Import Request.
  Time since last request: 125660.307134 seconds.
  path: Assets/generic_char_v0.2/guide_2.png
  artifactKey: Guid(698bd55f82ebeb54fa1458c63700e31a) Importer(815301076,1909f56bfc062723c751e8b465ee728b)
Number of updated assets reloaded before import = 0
Start importing Assets/generic_char_v0.2/guide_2.png using Guid(698bd55f82ebeb54fa1458c63700e31a) Importer(815301076,1909f56bfc062723c751e8b465ee728b)  -> (artifact id: '97433dab087f2572512dc64f6006a095') in 0.069689 seconds 
Number of asset objects unloaded after import = 3
========================================================================
Received Import Request.
  Time since last request: 1009.205969 seconds.
  path: Assets/generic_char_v0.2
  artifactKey: Guid(f0d31b24dabb649419e6fced89efbce8) Importer(815301076,1909f56bfc062723c751e8b465ee728b)
Number of updated assets reloaded before import = 0
Start importing Assets/generic_char_v0.2 using Guid(f0d31b24dabb649419e6fced89efbce8) Importer(815301076,1909f56bfc062723c751e8b465ee728b)  -> (artifact id: '8b18affa1e29c8d0d596e8ae68c673a9') in 0.001229 seconds 
Number of asset objects unloaded after import = 0
========================================================================
Received Import Request.
  Time since last request: 2.940681 seconds.
  path: Assets/generic_char_v0.2/png
  artifactKey: Guid(b65a3cc1efb8f8545bd49e7f70ce386d) Importer(815301076,1909f56bfc062723c751e8b465ee728b)
Number of updated assets reloaded before import = 0
Start importing Assets/generic_char_v0.2/png using Guid(b65a3cc1efb8f8545bd49e7f70ce386d) Importer(815301076,1909f56bfc062723c751e8b465ee728b)  -> (artifact id: '1a891da2e820e663a7ede4f731bb5d04') in 0.001141 seconds 
Number of asset objects unloaded after import = 0
========================================================================
Received Import Request.
  Time since last request: 3.810148 seconds.
  path: Assets/Knight_player/Attack_KG_1.png
  artifactKey: Guid(37cafc70f9739c343837a851e64ab921) Importer(815301076,1909f56bfc062723c751e8b465ee728b)
Number of updated assets reloaded before import = 0
Start importing Assets/Knight_player/Attack_KG_1.png using Guid(37cafc70f9739c343837a851e64ab921) Importer(815301076,1909f56bfc062723c751e8b465ee728b)  -> (artifact id: '0d3feda422a236544cbd8d6589b9baa5') in 0.009248 seconds 
Number of asset objects unloaded after import = 3
========================================================================
Received Import Request.
  Time since last request: 0.003509 seconds.
  path: Assets/Knight_player/Crouching_Idle_KG_1.png
  artifactKey: Guid(49dbd4a5264310b4b8f8df4830c889bc) Importer(815301076,1909f56bfc062723c751e8b465ee728b)
Number of updated assets reloaded before import = 0
Start importing Assets/Knight_player/Crouching_Idle_KG_1.png using Guid(49dbd4a5264310b4b8f8df4830c889bc) Importer(815301076,1909f56bfc062723c751e8b465ee728b)  -> (artifact id: '90a4ee676f97bde53f0e6361c1effd9e') in 0.007493 seconds 
Number of asset objects unloaded after import = 3
========================================================================
Received Import Request.
  Time since last request: 0.003951 seconds.
  path: Assets/Knight_player/Crouching_KG_1.png
  artifactKey: Guid(175546f016d89b44a8cfe34babf43e97) Importer(815301076,1909f56bfc062723c751e8b465ee728b)
Number of updated assets reloaded before import = 0
Start importing Assets/Knight_player/Crouching_KG_1.png using Guid(175546f016d89b44a8cfe34babf43e97) Importer(815301076,1909f56bfc062723c751e8b465ee728b)  -> (artifact id: '50743be2f10cf979011ff79d03567d58') in 0.006408 seconds 
Number of asset objects unloaded after import = 3
========================================================================
Received Import Request.
  Time since last request: 0.007145 seconds.
  path: Assets/Knight_player/Dashing_KG_1.png
  artifactKey: Guid(cd26d840d928a854da4be1c9f41d6309) Importer(815301076,1909f56bfc062723c751e8b465ee728b)
Number of updated assets reloaded before import = 0
Start importing Assets/Knight_player/Dashing_KG_1.png using Guid(cd26d840d928a854da4be1c9f41d6309) Importer(815301076,1909f56bfc062723c751e8b465ee728b)  -> (artifact id: 'cbbccf389f036d963148c3be2822b721') in 0.008837 seconds 
Number of asset objects unloaded after import = 3
========================================================================
Received Import Request.
  Time since last request: 0.000032 seconds.
  path: Assets/Knight_player/Idle_KG_2.png
  artifactKey: Guid(9a63b3f1dddd13749af9e3bd702165b0) Importer(815301076,1909f56bfc062723c751e8b465ee728b)
Number of updated assets reloaded before import = 0
Start importing Assets/Knight_player/Idle_KG_2.png using Guid(9a63b3f1dddd13749af9e3bd702165b0) Importer(815301076,1909f56bfc062723c751e8b465ee728b)  -> (artifact id: '7bb44b55381f8a8b7bfcbc1f2831236d') in 0.011048 seconds 
Number of asset objects unloaded after import = 3
========================================================================
Received Import Request.
  Time since last request: 0.000016 seconds.
  path: Assets/Knight_player/Walking_KG_1.png
  artifactKey: Guid(11e868541d1203841a5047b1b210e449) Importer(815301076,1909f56bfc062723c751e8b465ee728b)
Number of updated assets reloaded before import = 0
Start importing Assets/Knight_player/Walking_KG_1.png using Guid(11e868541d1203841a5047b1b210e449) Importer(815301076,1909f56bfc062723c751e8b465ee728b)  -> (artifact id: '7dc2fbb149895833cedc3f92bd686914') in 0.006736 seconds 
Number of asset objects unloaded after import = 3
========================================================================
Received Import Request.
  Time since last request: 0.000013 seconds.
  path: Assets/Knight_player/Landing_KG_2.png
  artifactKey: Guid(d406527790be6a1478772f8fc962848d) Importer(815301076,1909f56bfc062723c751e8b465ee728b)
Number of updated assets reloaded before import = 0
Start importing Assets/Knight_player/Landing_KG_2.png using Guid(d406527790be6a1478772f8fc962848d) Importer(815301076,1909f56bfc062723c751e8b465ee728b)  -> (artifact id: '6ecda5a046b3a3cdc51194a5e7c24828') in 0.006892 seconds 
Number of asset objects unloaded after import = 3
========================================================================
Received Import Request.
  Time since last request: 0.000014 seconds.
  path: Assets/Knight_player/Walking_KG_2.png
  artifactKey: Guid(864f82ae63f215240ab1246c6c6d623e) Importer(815301076,1909f56bfc062723c751e8b465ee728b)
Number of updated assets reloaded before import = 0
Start importing Assets/Knight_player/Walking_KG_2.png using Guid(864f82ae63f215240ab1246c6c6d623e) Importer(815301076,1909f56bfc062723c751e8b465ee728b)  -> (artifact id: 'ccd393d65a7d47de8beeebec3da5b5fc') in 0.006517 seconds 
Number of asset objects unloaded after import = 3
========================================================================
Received Import Request.
  Time since last request: 0.000011 seconds.
  path: Assets/Knight_player/Wallside_KG_1.png
  artifactKey: Guid(f0197f6600293414cb77de8a32e337ac) Importer(815301076,1909f56bfc062723c751e8b465ee728b)
Number of updated assets reloaded before import = 0
Start importing Assets/Knight_player/Wallside_KG_1.png using Guid(f0197f6600293414cb77de8a32e337ac) Importer(815301076,1909f56bfc062723c751e8b465ee728b)  -> (artifact id: '00d4b39497813b6c5a21c550c87e7374') in 0.007011 seconds 
Number of asset objects unloaded after import = 3
========================================================================
Received Import Request.
  Time since last request: 0.000014 seconds.
  path: Assets/Knight_player/Shield_Up_KG_1.png
  artifactKey: Guid(431997def949d074bba6507ee75005f3) Importer(815301076,1909f56bfc062723c751e8b465ee728b)
Number of updated assets reloaded before import = 0
Start importing Assets/Knight_player/Shield_Up_KG_1.png using Guid(431997def949d074bba6507ee75005f3) Importer(815301076,1909f56bfc062723c751e8b465ee728b)  -> (artifact id: 'a286fb47b0645ceafbadbfff8e69e503') in 0.007132 seconds 
Number of asset objects unloaded after import = 3
========================================================================
Received Import Request.
  Time since last request: 0.000019 seconds.
  path: Assets/Knight_player/Fall_KG_1.png
  artifactKey: Guid(a5d3df254a7b14146a5af28a86b6c3e2) Importer(815301076,1909f56bfc062723c751e8b465ee728b)
Number of updated assets reloaded before import = 0
Start importing Assets/Knight_player/Fall_KG_1.png using Guid(a5d3df254a7b14146a5af28a86b6c3e2) Importer(815301076,1909f56bfc062723c751e8b465ee728b)  -> (artifact id: '6b790c8c65c03f56d7d09f651a8e44ea') in 0.006932 seconds 
Number of asset objects unloaded after import = 3
========================================================================
Received Import Request.
  Time since last request: 0.000025 seconds.
  path: Assets/Knight_player/Talking_KG.png
  artifactKey: Guid(93665df9a7f0cca4b80e72970bee5104) Importer(815301076,1909f56bfc062723c751e8b465ee728b)
Number of updated assets reloaded before import = 0
Start importing Assets/Knight_player/Talking_KG.png using Guid(93665df9a7f0cca4b80e72970bee5104) Importer(815301076,1909f56bfc062723c751e8b465ee728b)  -> (artifact id: '4d0004e8ed66ed4baa958f83233d577a') in 0.009522 seconds 
Number of asset objects unloaded after import = 3
========================================================================
Received Import Request.
  Time since last request: 0.000018 seconds.
  path: Assets/Knight_player/Shield_Bash_KG.png
  artifactKey: Guid(b77dd8e571f9b5a42932716ed80513aa) Importer(815301076,1909f56bfc062723c751e8b465ee728b)
Number of updated assets reloaded before import = 0
Start importing Assets/Knight_player/Shield_Bash_KG.png using Guid(b77dd8e571f9b5a42932716ed80513aa) Importer(815301076,1909f56bfc062723c751e8b465ee728b)  -> (artifact id: '3b316411954d5f12afa88ad097265203') in 0.011871 seconds 
Number of asset objects unloaded after import = 3
========================================================================
Received Import Request.
  Time since last request: 0.000014 seconds.
  path: Assets/Knight_player/Crouching_Walk_KG_1.png
  artifactKey: Guid(df4b83abbec87dd439f545f49f355a2c) Importer(815301076,1909f56bfc062723c751e8b465ee728b)
Number of updated assets reloaded before import = 0
Start importing Assets/Knight_player/Crouching_Walk_KG_1.png using Guid(df4b83abbec87dd439f545f49f355a2c) Importer(815301076,1909f56bfc062723c751e8b465ee728b)  -> (artifact id: '8e4b42b7688ccdca13044455ef5a2b34') in 0.007410 seconds 
Number of asset objects unloaded after import = 3
========================================================================
Received Import Request.
  Time since last request: 0.000015 seconds.
  path: Assets/Knight_player/Shield_idle_KG.png
  artifactKey: Guid(064cc49cbd2160b4b94c0d13cb90a614) Importer(815301076,1909f56bfc062723c751e8b465ee728b)
Number of updated assets reloaded before import = 0
Start importing Assets/Knight_player/Shield_idle_KG.png using Guid(064cc49cbd2160b4b94c0d13cb90a614) Importer(815301076,1909f56bfc062723c751e8b465ee728b)  -> (artifact id: 'c9344869da573b6cde81a50bece7fbc1') in 0.007997 seconds 
Number of asset objects unloaded after import = 3
========================================================================
Received Import Request.
  Time since last request: 0.000013 seconds.
  path: Assets/Knight_player/Hurt_KG_1.png
  artifactKey: Guid(10348033a362aaf4780e7d47f61aedda) Importer(815301076,1909f56bfc062723c751e8b465ee728b)
Number of updated assets reloaded before import = 0
Start importing Assets/Knight_player/Hurt_KG_1.png using Guid(10348033a362aaf4780e7d47f61aedda) Importer(815301076,1909f56bfc062723c751e8b465ee728b)  -> (artifact id: '5bbb7af4c7329e394d323878cd99f51b') in 0.005352 seconds 
Number of asset objects unloaded after import = 3
========================================================================
Received Import Request.
  Time since last request: 0.000011 seconds.
  path: Assets/Knight_player/Landing_KG_1.png
  artifactKey: Guid(16049f38469dde445a6a9a792bbd8dc8) Importer(815301076,1909f56bfc062723c751e8b465ee728b)
Number of updated assets reloaded before import = 0
Start importing Assets/Knight_player/Landing_KG_1.png using Guid(16049f38469dde445a6a9a792bbd8dc8) Importer(815301076,1909f56bfc062723c751e8b465ee728b)  -> (artifact id: '9e1f7019886c3827cb20c43cc9b0da15') in 0.007108 seconds 
Number of asset objects unloaded after import = 3
========================================================================
Received Import Request.
  Time since last request: 0.000014 seconds.
  path: Assets/Knight_player/Crouching_Walk_KG_2.png
  artifactKey: Guid(dc0b8b5ef7392454e93122bf933ffadf) Importer(815301076,1909f56bfc062723c751e8b465ee728b)
Number of updated assets reloaded before import = 0
Start importing Assets/Knight_player/Crouching_Walk_KG_2.png using Guid(dc0b8b5ef7392454e93122bf933ffadf) Importer(815301076,1909f56bfc062723c751e8b465ee728b)  -> (artifact id: '9ab73f8fe822fcbaa58314b11706ee94') in 0.007124 seconds 
Number of asset objects unloaded after import = 3
Editor requested this worker to shutdown with reason: Scaling down because of idle timeout
AssetImportWorker is now disconnected from the server
Process exiting
Exiting without the bug reporter. Application will terminate with return code 0