Using pre-set license
Built from '2022.3/china_unity/release' branch; Version is '2022.3.34f1c1 (1e17368ca73f) revision 1972022'; Using compiler version '192829333'; Build Type 'Release'
OS: 'Windows 11  (10.0.22631) 64bit Professional' Language: 'en' Physical Memory: 32688 MB
BatchMode: 1, IsHumanControllingUs: 0, StartBugReporterOnCrash: 0, Is64bit: 1, IsPro: 1

COMMAND LINE ARGUMENTS:
D:\2022.3.34f1c1\Editor\Unity.exe
-adb2
-batchMode
-noUpm
-name
AssetImportWorker7
-projectPath
C:/Users/Yihua/Downloads/topdowngame-main/topdowngame-main/My project
-logFile
Logs/AssetImportWorker7.log
-srvPort
57211
Successfully changed project path to: C:/Users/Yihua/Downloads/topdowngame-main/topdowngame-main/My project
C:/Users/Yihua/Downloads/topdowngame-main/topdowngame-main/My project
[UnityMemory] Configuration Parameters - Can be set up in boot.config
    "memorysetup-bucket-allocator-granularity=16"
    "memorysetup-bucket-allocator-bucket-count=8"
    "memorysetup-bucket-allocator-block-size=33554432"
    "memorysetup-bucket-allocator-block-count=8"
    "memorysetup-main-allocator-block-size=16777216"
    "memorysetup-thread-allocator-block-size=16777216"
    "memorysetup-gfx-main-allocator-block-size=16777216"
    "memorysetup-gfx-thread-allocator-block-size=16777216"
    "memorysetup-cache-allocator-block-size=4194304"
    "memorysetup-typetree-allocator-block-size=2097152"
    "memorysetup-profiler-bucket-allocator-granularity=16"
    "memorysetup-profiler-bucket-allocator-bucket-count=8"
    "memorysetup-profiler-bucket-allocator-block-size=33554432"
    "memorysetup-profiler-bucket-allocator-block-count=8"
    "memorysetup-profiler-allocator-block-size=16777216"
    "memorysetup-profiler-editor-allocator-block-size=1048576"
    "memorysetup-temp-allocator-size-main=16777216"
    "memorysetup-job-temp-allocator-block-size=2097152"
    "memorysetup-job-temp-allocator-block-size-background=1048576"
    "memorysetup-job-temp-allocator-reduction-small-platforms=262144"
    "memorysetup-allocator-temp-initial-block-size-main=262144"
    "memorysetup-allocator-temp-initial-block-size-worker=262144"
    "memorysetup-temp-allocator-size-background-worker=32768"
    "memorysetup-temp-allocator-size-job-worker=262144"
    "memorysetup-temp-allocator-size-preload-manager=33554432"
    "memorysetup-temp-allocator-size-nav-mesh-worker=65536"
    "memorysetup-temp-allocator-size-audio-worker=65536"
    "memorysetup-temp-allocator-size-cloud-worker=32768"
    "memorysetup-temp-allocator-size-gi-baking-worker=262144"
    "memorysetup-temp-allocator-size-gfx=262144"
Player connection [16376] Host "[IP] 192.168.31.33 [Port] 0 [Flags] 2 [Guid] 3939132281 [EditorId] 3939132281 [Version] 1048832 [Id] WindowsEditor(7,Anthony) [Debug] 1 [PackageName] WindowsEditor [ProjectName] Editor" joined multi-casting on [225.0.0.222:54997]...

Player connection [16376] Host "[IP] 192.168.31.33 [Port] 0 [Flags] 2 [Guid] 3939132281 [EditorId] 3939132281 [Version] 1048832 [Id] WindowsEditor(7,Anthony) [Debug] 1 [PackageName] WindowsEditor [ProjectName] Editor" joined alternative multi-casting on [225.0.0.222:34997]...

[PhysX] Initialized MultithreadedTaskDispatcher with 20 workers.
Refreshing native plugins compatible for Editor in 22.38 ms, found 4 plugins.
Preloading 0 native plugins for Editor in 0.00 ms.
Initialize engine version: 2022.3.34f1c1 (1e17368ca73f)
[Subsystems] Discovering subsystems at path D:/2022.3.34f1c1/Editor/Data/Resources/UnitySubsystems
[Subsystems] Discovering subsystems at path C:/Users/Yihua/Downloads/topdowngame-main/topdowngame-main/My project/Assets
GfxDevice: creating device client; threaded=0; jobified=0
Direct3D:
    Version:  Direct3D 11.0 [level 11.1]
    Renderer: NVIDIA GeForce RTX 3080 (ID=0x2216)
    Vendor:   NVIDIA
    VRAM:     10053 MB
    Driver:   32.0.15.5612
Initialize mono
Mono path[0] = 'D:/2022.3.34f1c1/Editor/Data/Managed'
Mono path[1] = 'D:/2022.3.34f1c1/Editor/Data/MonoBleedingEdge/lib/mono/unityjit-win32'
Mono config path = 'D:/2022.3.34f1c1/Editor/Data/MonoBleedingEdge/etc'
Using monoOptions --debugger-agent=transport=dt_socket,embedding=1,server=y,suspend=n,address=127.0.0.1:56804
Begin MonoManager ReloadAssembly
Registering precompiled unity dll's ...
Register platform support module: D:/2022.3.34f1c1/Editor/Data/PlaybackEngines/WebGLSupport/UnityEditor.WebGL.Extensions.dll
Register platform support module: D:/2022.3.34f1c1/Editor/Data/PlaybackEngines/WindowsStandaloneSupport/UnityEditor.WindowsStandalone.Extensions.dll
Registered in 0.004957 seconds.
- Loaded All Assemblies, in  0.282 seconds
Native extension for WindowsStandalone target not found
Native extension for WebGL target not found
Mono: successfully reloaded assembly
- Finished resetting the current domain, in  0.223 seconds
Domain Reload Profiling: 504ms
	BeginReloadAssembly (82ms)
		ExecutionOrderSort (0ms)
		DisableScriptedObjects (0ms)
		BackupInstance (0ms)
		ReleaseScriptingObjects (0ms)
		CreateAndSetChildDomain (1ms)
	RebuildCommonClasses (27ms)
	RebuildNativeTypeToScriptingClass (9ms)
	initialDomainReloadingComplete (45ms)
	LoadAllAssembliesAndSetupDomain (117ms)
		LoadAssemblies (80ms)
		RebuildTransferFunctionScriptingTraits (0ms)
		AnalyzeDomain (116ms)
			TypeCache.Refresh (114ms)
				TypeCache.ScanAssembly (104ms)
			ScanForSourceGeneratedMonoScriptInfo (0ms)
			ResolveRequiredComponents (0ms)
	FinalizeReload (223ms)
		ReleaseScriptCaches (0ms)
		RebuildScriptCaches (0ms)
		SetupLoadedEditorAssemblies (173ms)
			LogAssemblyErrors (0ms)
			InitializePlatformSupportModulesInManaged (6ms)
			SetLoadedEditorAssemblies (5ms)
			RefreshPlugins (0ms)
			BeforeProcessingInitializeOnLoad (2ms)
			ProcessInitializeOnLoadAttributes (120ms)
			ProcessInitializeOnLoadMethodAttributes (40ms)
			AfterProcessingInitializeOnLoad (0ms)
			EditorAssembliesLoaded (0ms)
		ExecutionOrderSort2 (0ms)
		AwakeInstancesAfterBackupRestoration (0ms)
========================================================================
Worker process is ready to serve import requests
Begin MonoManager ReloadAssembly
- Loaded All Assemblies, in  0.579 seconds
Refreshing native plugins compatible for Editor in 9.24 ms, found 4 plugins.
Native extension for WindowsStandalone target not found
Native extension for WebGL target not found
Package Manager log level set to [2]
[Package Manager] Server::EnsureServerProcessIsRunning -- launch failed, reason: Unity was launched with the -noUpm command-line argument
[Package Manager] UpmClient::Send -- Unable to send message (not connected to UPM process).
[Package Manager] Cannot connect to Unity Package Manager local server
Mono: successfully reloaded assembly
[Package Manager] Server::EnsureServerProcessIsRunning -- launch failed, reason: Unity was launched with the -noUpm command-line argument
[Package Manager] UpmClient::Send -- Unable to send message (not connected to UPM process).
[Package Manager] Cannot connect to Unity Package Manager local server
[Package Manager] Server::EnsureServerProcessIsRunning -- launch failed, reason: Unity was launched with the -noUpm command-line argument
[Package Manager] UpmClient::Send -- Unable to send message (not connected to UPM process).
[Package Manager] Cannot connect to Unity Package Manager local server
- Finished resetting the current domain, in  0.740 seconds
Domain Reload Profiling: 1314ms
	BeginReloadAssembly (127ms)
		ExecutionOrderSort (0ms)
		DisableScriptedObjects (6ms)
		BackupInstance (0ms)
		ReleaseScriptingObjects (0ms)
		CreateAndSetChildDomain (19ms)
	RebuildCommonClasses (30ms)
	RebuildNativeTypeToScriptingClass (10ms)
	initialDomainReloadingComplete (39ms)
	LoadAllAssembliesAndSetupDomain (368ms)
		LoadAssemblies (270ms)
		RebuildTransferFunctionScriptingTraits (0ms)
		AnalyzeDomain (168ms)
			TypeCache.Refresh (137ms)
				TypeCache.ScanAssembly (123ms)
			ScanForSourceGeneratedMonoScriptInfo (23ms)
			ResolveRequiredComponents (6ms)
	FinalizeReload (740ms)
		ReleaseScriptCaches (0ms)
		RebuildScriptCaches (0ms)
		SetupLoadedEditorAssemblies (580ms)
			LogAssemblyErrors (0ms)
			InitializePlatformSupportModulesInManaged (5ms)
			SetLoadedEditorAssemblies (4ms)
			RefreshPlugins (0ms)
			BeforeProcessingInitializeOnLoad (71ms)
			ProcessInitializeOnLoadAttributes (459ms)
			ProcessInitializeOnLoadMethodAttributes (36ms)
			AfterProcessingInitializeOnLoad (5ms)
			EditorAssembliesLoaded (0ms)
		ExecutionOrderSort2 (0ms)
		AwakeInstancesAfterBackupRestoration (6ms)
Launched and connected shader compiler UnityShaderCompiler.exe after 0.03 seconds
Refreshing native plugins compatible for Editor in 9.08 ms, found 4 plugins.
Preloading 0 native plugins for Editor in 0.00 ms.
Unloading 4336 Unused Serialized files (Serialized files now loaded: 0)
Unloading 77 unused Assets / (68.3 KB). Loaded Objects now: 4785.
Memory consumption went from 152.0 MB to 152.0 MB.
Total: 3.472900 ms (FindLiveObjects: 0.329300 ms CreateObjectMapping: 0.279100 ms MarkObjects: 2.745300 ms  DeleteObjects: 0.118200 ms)

AssetImportParameters requested are different than current active one (requested -> active):
  custom:container-demuxer-ogg: 62fdf1f143b41e24485cea50d1cbac27 -> 
  custom:video-decoder-ogg-theora: a1e56fd34408186e4bbccfd4996cb3dc -> 
  custom:framework-win-MediaFoundation: 216162199b28c13a410421893ffa2e32 -> 
  custom:CustomObjectIndexerAttribute: 9a22284fe3817be447336de3de66b15e -> 
  custom:container-demuxer-webm: 4f35f7cbe854078d1ac9338744f61a02 -> 
  custom:container-muxer-webm: aa71ff27fc2769a1b78a27578f13a17b -> 
  custom:video-decoder-webm-vp8: 9c59270c3fd7afecdb556c50c9e8de78 -> 
  custom:SearchIndexIgnoredProperties: e643bd26f0fe6173181afceb89e7c659 -> 
  custom:AudioImporter_EditorPlatform: d09bf68614088b80899f8185d706f6e7 -> 
  custom:video-encoder-webm-vp8: eb34c28f22e8b96e1ab97ce403110664 -> 
  custom:audio-decoder-ogg-vorbis: bf7c407c2cedff20999df2af8eb42d56 -> 
  custom:audio-encoder-webm-vorbis: bf7c407c2cedff20999df2af8eb42d56 -> 
========================================================================
Received Import Request.
  Time since last request: 174177.093013 seconds.
  path: Assets/Resources/Forgotten Plains/Sprites/Tileset/LakeDirt4a.asset
  artifactKey: Guid(b599a0cf3bc7e674ca8f540bfa6ce50b) Importer(815301076,1909f56bfc062723c751e8b465ee728b)
Start importing Assets/Resources/Forgotten Plains/Sprites/Tileset/LakeDirt4a.asset using Guid(b599a0cf3bc7e674ca8f540bfa6ce50b) Importer(815301076,1909f56bfc062723c751e8b465ee728b) [PhysX] Initialized MultithreadedTaskDispatcher with 20 workers.
 -> (artifact id: 'f8adbc627ccc6ce7c58afc0ca1c4be17') in 0.069268 seconds
Number of updated asset objects reloaded before import = 0
Number of asset objects unloaded after import = 3
========================================================================
Received Import Request.
  Time since last request: 0.000039 seconds.
  path: Assets/Resources/Forgotten Plains/Sprites/Tileset/LakeDirt11a.asset
  artifactKey: Guid(a88e398f90598a640ad8a0fcee8cdd72) Importer(815301076,1909f56bfc062723c751e8b465ee728b)
Start importing Assets/Resources/Forgotten Plains/Sprites/Tileset/LakeDirt11a.asset using Guid(a88e398f90598a640ad8a0fcee8cdd72) Importer(815301076,1909f56bfc062723c751e8b465ee728b) [PhysX] Initialized MultithreadedTaskDispatcher with 20 workers.
 -> (artifact id: '348ae67ad8c553f64b079669a9e3bae0') in 0.010267 seconds
Number of updated asset objects reloaded before import = 0
Number of asset objects unloaded after import = 3
========================================================================
Received Import Request.
  Time since last request: 0.000015 seconds.
  path: Assets/Resources/Forgotten Plains/Sprites/Tileset/LakeDirt10a.asset
  artifactKey: Guid(61a105a356d8c044ea5b4309f3c6a1e6) Importer(815301076,1909f56bfc062723c751e8b465ee728b)
Start importing Assets/Resources/Forgotten Plains/Sprites/Tileset/LakeDirt10a.asset using Guid(61a105a356d8c044ea5b4309f3c6a1e6) Importer(815301076,1909f56bfc062723c751e8b465ee728b) [PhysX] Initialized MultithreadedTaskDispatcher with 20 workers.
 -> (artifact id: 'cb789fd3f70fa57a61152cde69fe4c17') in 0.009434 seconds
Number of updated asset objects reloaded before import = 0
Number of asset objects unloaded after import = 3
========================================================================
Received Import Request.
  Time since last request: 0.000018 seconds.
  path: Assets/Resources/Forgotten Plains/Sprites/Tileset/LakeDirt11b.asset
  artifactKey: Guid(455f857392b8ffa4ca3dc7edd0cbd141) Importer(815301076,1909f56bfc062723c751e8b465ee728b)
Start importing Assets/Resources/Forgotten Plains/Sprites/Tileset/LakeDirt11b.asset using Guid(455f857392b8ffa4ca3dc7edd0cbd141) Importer(815301076,1909f56bfc062723c751e8b465ee728b) [PhysX] Initialized MultithreadedTaskDispatcher with 20 workers.
 -> (artifact id: 'c67e0d3cf17a5452b2886ff9022b4904') in 0.009812 seconds
Number of updated asset objects reloaded before import = 0
Number of asset objects unloaded after import = 3
========================================================================
Received Import Request.
  Time since last request: 0.000017 seconds.
  path: Assets/Resources/Forgotten Plains/Sprites/Tileset/LakeDirt4b.asset
  artifactKey: Guid(7c64ea20c6cf4174e822f88672a57f70) Importer(815301076,1909f56bfc062723c751e8b465ee728b)
Start importing Assets/Resources/Forgotten Plains/Sprites/Tileset/LakeDirt4b.asset using Guid(7c64ea20c6cf4174e822f88672a57f70) Importer(815301076,1909f56bfc062723c751e8b465ee728b) [PhysX] Initialized MultithreadedTaskDispatcher with 20 workers.
 -> (artifact id: '4c9f2693340211f01696dc82adc105ac') in 0.008127 seconds
Number of updated asset objects reloaded before import = 0
Number of asset objects unloaded after import = 3
========================================================================
Received Import Request.
  Time since last request: 0.000015 seconds.
  path: Assets/Resources/Forgotten Plains/Sprites/Tileset/LakeDirt2b.asset
  artifactKey: Guid(e4a37533b382b5e4e93076b9464e125d) Importer(815301076,1909f56bfc062723c751e8b465ee728b)
Start importing Assets/Resources/Forgotten Plains/Sprites/Tileset/LakeDirt2b.asset using Guid(e4a37533b382b5e4e93076b9464e125d) Importer(815301076,1909f56bfc062723c751e8b465ee728b) [PhysX] Initialized MultithreadedTaskDispatcher with 20 workers.
 -> (artifact id: '4e567ffa446e689fa8990967e7c976d5') in 0.008272 seconds
Number of updated asset objects reloaded before import = 0
Number of asset objects unloaded after import = 3
========================================================================
Received Import Request.
  Time since last request: 0.000016 seconds.
  path: Assets/Resources/Forgotten Plains/Sprites/Tileset/LakeDirt2a.asset
  artifactKey: Guid(8f4cba952cfcf894eab1c1031d3dee3d) Importer(815301076,1909f56bfc062723c751e8b465ee728b)
Start importing Assets/Resources/Forgotten Plains/Sprites/Tileset/LakeDirt2a.asset using Guid(8f4cba952cfcf894eab1c1031d3dee3d) Importer(815301076,1909f56bfc062723c751e8b465ee728b) [PhysX] Initialized MultithreadedTaskDispatcher with 20 workers.
 -> (artifact id: '1defc1ae4ad700862316b2664e21711c') in 0.008339 seconds
Number of updated asset objects reloaded before import = 0
Number of asset objects unloaded after import = 3
========================================================================
Received Import Request.
  Time since last request: 0.886931 seconds.
  path: Assets/Resources/Forgotten Plains/Sprites/Tileset/houses_482.asset
  artifactKey: Guid(714d7d69d4d64254b95f2af3e24c15b3) Importer(815301076,1909f56bfc062723c751e8b465ee728b)
Start importing Assets/Resources/Forgotten Plains/Sprites/Tileset/houses_482.asset using Guid(714d7d69d4d64254b95f2af3e24c15b3) Importer(815301076,1909f56bfc062723c751e8b465ee728b) [PhysX] Initialized MultithreadedTaskDispatcher with 20 workers.
 -> (artifact id: 'cbbfa7ecf4d908b1852b588df8414318') in 0.006770 seconds
Number of updated asset objects reloaded before import = 0
Number of asset objects unloaded after import = 1
========================================================================
Received Import Request.
  Time since last request: 0.009440 seconds.
  path: Assets/Resources/Forgotten Plains/Sprites/Tileset/houses_484.asset
  artifactKey: Guid(fcffd2c60ab36b74598169563ade52fd) Importer(815301076,1909f56bfc062723c751e8b465ee728b)
Start importing Assets/Resources/Forgotten Plains/Sprites/Tileset/houses_484.asset using Guid(fcffd2c60ab36b74598169563ade52fd) Importer(815301076,1909f56bfc062723c751e8b465ee728b) [PhysX] Initialized MultithreadedTaskDispatcher with 20 workers.
 -> (artifact id: '5a8db84e50515d77e48909cc30587fe5') in 0.006314 seconds
Number of updated asset objects reloaded before import = 0
Number of asset objects unloaded after import = 1
========================================================================
Received Import Request.
  Time since last request: 3.804323 seconds.
  path: Assets/Resources/Forgotten Plains/Sprites/Tileset/Cobblestone53.asset
  artifactKey: Guid(d908b8ccf57dca84397a8aa9f8c0f317) Importer(815301076,1909f56bfc062723c751e8b465ee728b)
Start importing Assets/Resources/Forgotten Plains/Sprites/Tileset/Cobblestone53.asset using Guid(d908b8ccf57dca84397a8aa9f8c0f317) Importer(815301076,1909f56bfc062723c751e8b465ee728b) [PhysX] Initialized MultithreadedTaskDispatcher with 20 workers.
 -> (artifact id: '755129e114f77a005a9dfded8fe57259') in 0.008430 seconds
Number of updated asset objects reloaded before import = 0
Number of asset objects unloaded after import = 3
========================================================================
Received Import Request.
  Time since last request: 0.000020 seconds.
  path: Assets/Resources/Forgotten Plains/Sprites/Tileset/Cobblestone55.asset
  artifactKey: Guid(480aba6ff581e374396ab99be81b580a) Importer(815301076,1909f56bfc062723c751e8b465ee728b)
Start importing Assets/Resources/Forgotten Plains/Sprites/Tileset/Cobblestone55.asset using Guid(480aba6ff581e374396ab99be81b580a) Importer(815301076,1909f56bfc062723c751e8b465ee728b) [PhysX] Initialized MultithreadedTaskDispatcher with 20 workers.
 -> (artifact id: '23c94cc7638cf82cc301a4568e07d2ff') in 0.008591 seconds
Number of updated asset objects reloaded before import = 0
Number of asset objects unloaded after import = 3
========================================================================
Received Import Request.
  Time since last request: 0.000019 seconds.
  path: Assets/Resources/Forgotten Plains/Sprites/Tileset/Cobblestone58.asset
  artifactKey: Guid(68bc2f6ac654c9b4483410ec1141a978) Importer(815301076,1909f56bfc062723c751e8b465ee728b)
Start importing Assets/Resources/Forgotten Plains/Sprites/Tileset/Cobblestone58.asset using Guid(68bc2f6ac654c9b4483410ec1141a978) Importer(815301076,1909f56bfc062723c751e8b465ee728b) [PhysX] Initialized MultithreadedTaskDispatcher with 20 workers.
 -> (artifact id: '8d325a5c02adf38a268a499880e4c014') in 0.008626 seconds
Number of updated asset objects reloaded before import = 0
Number of asset objects unloaded after import = 3
========================================================================
Received Import Request.
  Time since last request: 0.000017 seconds.
  path: Assets/Resources/Forgotten Plains/Sprites/Tileset/Cobblestone57.asset
  artifactKey: Guid(9ce70c45e1b6fcb4c804574a4179dfdd) Importer(815301076,1909f56bfc062723c751e8b465ee728b)
Start importing Assets/Resources/Forgotten Plains/Sprites/Tileset/Cobblestone57.asset using Guid(9ce70c45e1b6fcb4c804574a4179dfdd) Importer(815301076,1909f56bfc062723c751e8b465ee728b) [PhysX] Initialized MultithreadedTaskDispatcher with 20 workers.
 -> (artifact id: '8cd82ef2ab494c6e4c547a0ba001dea7') in 0.008518 seconds
Number of updated asset objects reloaded before import = 0
Number of asset objects unloaded after import = 3
========================================================================
Received Import Request.
  Time since last request: 0.000023 seconds.
  path: Assets/Resources/Forgotten Plains/Sprites/Tileset/Cobblestone63.asset
  artifactKey: Guid(60e786efec3f06d45beac36119b1f2ef) Importer(815301076,1909f56bfc062723c751e8b465ee728b)
Start importing Assets/Resources/Forgotten Plains/Sprites/Tileset/Cobblestone63.asset using Guid(60e786efec3f06d45beac36119b1f2ef) Importer(815301076,1909f56bfc062723c751e8b465ee728b) [PhysX] Initialized MultithreadedTaskDispatcher with 20 workers.
 -> (artifact id: '678838fd1900e8d21ce028edda0408b2') in 0.008355 seconds
Number of updated asset objects reloaded before import = 0
Number of asset objects unloaded after import = 3
========================================================================
Received Import Request.
  Time since last request: 0.000018 seconds.
  path: Assets/Resources/Forgotten Plains/Sprites/Tileset/Cobblestone66.asset
  artifactKey: Guid(f17b61f0562a3744bae3476333ad5765) Importer(815301076,1909f56bfc062723c751e8b465ee728b)
Start importing Assets/Resources/Forgotten Plains/Sprites/Tileset/Cobblestone66.asset using Guid(f17b61f0562a3744bae3476333ad5765) Importer(815301076,1909f56bfc062723c751e8b465ee728b) [PhysX] Initialized MultithreadedTaskDispatcher with 20 workers.
 -> (artifact id: 'edb145241277ce75d38de225f84cbd6b') in 0.008634 seconds
Number of updated asset objects reloaded before import = 0
Number of asset objects unloaded after import = 3
========================================================================
Received Import Request.
  Time since last request: 0.000019 seconds.
  path: Assets/Resources/Forgotten Plains/Sprites/Tileset/Cobblestone67.asset
  artifactKey: Guid(2bc4e0b118ab08346bc577e73115df6f) Importer(815301076,1909f56bfc062723c751e8b465ee728b)
Start importing Assets/Resources/Forgotten Plains/Sprites/Tileset/Cobblestone67.asset using Guid(2bc4e0b118ab08346bc577e73115df6f) Importer(815301076,1909f56bfc062723c751e8b465ee728b) [PhysX] Initialized MultithreadedTaskDispatcher with 20 workers.
 -> (artifact id: 'eaabfe31f3e16e8b3235df8e8999685d') in 0.575138 seconds
Number of updated asset objects reloaded before import = 0
Number of asset objects unloaded after import = 3
========================================================================
Received Import Request.
  Time since last request: 0.856946 seconds.
  path: Assets/Resources/Forgotten Plains/Sprites/Tileset/Cobblestone40.asset
  artifactKey: Guid(099e26d2fa7f39b41924fe44b013bd18) Importer(815301076,1909f56bfc062723c751e8b465ee728b)
Start importing Assets/Resources/Forgotten Plains/Sprites/Tileset/Cobblestone40.asset using Guid(099e26d2fa7f39b41924fe44b013bd18) Importer(815301076,1909f56bfc062723c751e8b465ee728b) [PhysX] Initialized MultithreadedTaskDispatcher with 20 workers.
 -> (artifact id: '054936676a72261e4f937f550e563ff4') in 0.008996 seconds
Number of updated asset objects reloaded before import = 0
Number of asset objects unloaded after import = 3
========================================================================
Received Import Request.
  Time since last request: 0.000019 seconds.
  path: Assets/Resources/Forgotten Plains/Sprites/Tileset/Cobblestone43.asset
  artifactKey: Guid(ad2deca03319a02408a81aea333f51be) Importer(815301076,1909f56bfc062723c751e8b465ee728b)
Start importing Assets/Resources/Forgotten Plains/Sprites/Tileset/Cobblestone43.asset using Guid(ad2deca03319a02408a81aea333f51be) Importer(815301076,1909f56bfc062723c751e8b465ee728b) [PhysX] Initialized MultithreadedTaskDispatcher with 20 workers.
 -> (artifact id: 'b56aebf9420affd17f500b0e21c9b0d8') in 0.010296 seconds
Number of updated asset objects reloaded before import = 0
Number of asset objects unloaded after import = 3
========================================================================
Received Import Request.
  Time since last request: 0.000016 seconds.
  path: Assets/Resources/Forgotten Plains/Sprites/Tileset/Cobblestone45.asset
  artifactKey: Guid(51b4989c3fbe19c4999cf484b3a5d72a) Importer(815301076,1909f56bfc062723c751e8b465ee728b)
Start importing Assets/Resources/Forgotten Plains/Sprites/Tileset/Cobblestone45.asset using Guid(51b4989c3fbe19c4999cf484b3a5d72a) Importer(815301076,1909f56bfc062723c751e8b465ee728b) [PhysX] Initialized MultithreadedTaskDispatcher with 20 workers.
 -> (artifact id: 'f82269f1b7690d5febad8c7df6f62698') in 0.008872 seconds
Number of updated asset objects reloaded before import = 0
Number of asset objects unloaded after import = 3
========================================================================
Received Import Request.
  Time since last request: 0.000016 seconds.
  path: Assets/Resources/Forgotten Plains/Sprites/Tileset/Cobblestone48.asset
  artifactKey: Guid(49b63cb08c3a505438b875314c8f8f0b) Importer(815301076,1909f56bfc062723c751e8b465ee728b)
Start importing Assets/Resources/Forgotten Plains/Sprites/Tileset/Cobblestone48.asset using Guid(49b63cb08c3a505438b875314c8f8f0b) Importer(815301076,1909f56bfc062723c751e8b465ee728b) [PhysX] Initialized MultithreadedTaskDispatcher with 20 workers.
 -> (artifact id: 'be1d0b17e99557dc8f32dc3818e1b2cf') in 0.010530 seconds
Number of updated asset objects reloaded before import = 0
Number of asset objects unloaded after import = 3
========================================================================
Received Import Request.
  Time since last request: 0.000018 seconds.
  path: Assets/Resources/Forgotten Plains/Sprites/Tileset/Cobblestone46.asset
  artifactKey: Guid(78236afcd51c5184c8d4aec90bdc283c) Importer(815301076,1909f56bfc062723c751e8b465ee728b)
Start importing Assets/Resources/Forgotten Plains/Sprites/Tileset/Cobblestone46.asset using Guid(78236afcd51c5184c8d4aec90bdc283c) Importer(815301076,1909f56bfc062723c751e8b465ee728b) [PhysX] Initialized MultithreadedTaskDispatcher with 20 workers.
 -> (artifact id: '7981ff1edf565ef001cd0fa944293bf2') in 0.009764 seconds
Number of updated asset objects reloaded before import = 0
Number of asset objects unloaded after import = 3
========================================================================
Received Import Request.
  Time since last request: 0.000022 seconds.
  path: Assets/Resources/Forgotten Plains/Sprites/Tileset/Cobblestone42.asset
  artifactKey: Guid(2fe17dd2009749b4c8981ec975ddfa98) Importer(815301076,1909f56bfc062723c751e8b465ee728b)
Start importing Assets/Resources/Forgotten Plains/Sprites/Tileset/Cobblestone42.asset using Guid(2fe17dd2009749b4c8981ec975ddfa98) Importer(815301076,1909f56bfc062723c751e8b465ee728b) [PhysX] Initialized MultithreadedTaskDispatcher with 20 workers.
 -> (artifact id: 'ece14dda0eb2bbe8c97f7c2eb16d2a16') in 0.010074 seconds
Number of updated asset objects reloaded before import = 0
Number of asset objects unloaded after import = 3
========================================================================
Received Import Request.
  Time since last request: 0.000036 seconds.
  path: Assets/Resources/Forgotten Plains/Sprites/Tileset/Cobblestone50.asset
  artifactKey: Guid(8fe7f37069956db4e9fc6c2a5fb7225c) Importer(815301076,1909f56bfc062723c751e8b465ee728b)
Start importing Assets/Resources/Forgotten Plains/Sprites/Tileset/Cobblestone50.asset using Guid(8fe7f37069956db4e9fc6c2a5fb7225c) Importer(815301076,1909f56bfc062723c751e8b465ee728b) [PhysX] Initialized MultithreadedTaskDispatcher with 20 workers.
 -> (artifact id: 'd8b5b8d7effb3c41ff641490a2df17dc') in 0.005200 seconds
Number of updated asset objects reloaded before import = 0
Number of asset objects unloaded after import = 3
Editor requested this worker to shutdown with reason: Scaling down because of idle timeout
TcpMessagingSession - receive error: operation aborted. errorcode: 995, details: The I/O operation has been aborted because of either a thread exit or an application request.
AssetImportWorker is now disconnected from the server
Process exiting
Exiting without the bug reporter. Application will terminate with return code 0